#
# There is insufficient memory for the Java Runtime Environment to continue.
# Native memory allocation (mmap) failed to map 65011712 bytes for G1 virtual space
# Possible reasons:
#   The system is out of physical RAM or swap space
#   The process is running with CompressedOops enabled, and the Java Heap may be blocking the growth of the native heap
# Possible solutions:
#   Reduce memory load on the system
#   Increase physical memory or swap space
#   Check if swap backing store is full
#   Decrease Java heap size (-Xmx/-Xms)
#   Decrease number of Java threads
#   Decrease Java thread stack sizes (-Xss)
#   Set larger code cache with -XX:ReservedCodeCacheSize=
#   JVM is running with Unscaled Compressed Oops mode in which the Java heap is
#     placed in the first 4GB address space. The Java Heap base address is the
#     maximum limit for the native heap growth. Please use -XX:HeapBaseMinAddress
#     to set the Java Heap base and to place the Java Heap above 4GB virtual address.
# This output file may be truncated or incomplete.
#
#  Out of Memory Error (os_windows.cpp:3530), pid=5284, tid=8936
#
# JRE version:  (18.0.2+9) (build )
# Java VM: Java HotSpot(TM) 64-Bit Server VM (18.0.2+9-61, mixed mode, sharing, tiered, compressed oops, compressed class ptrs, g1 gc, windows-amd64)
# No core dump will be written. Minidumps are not enabled by default on client versions of Windows
#

---------------  S U M M A R Y ------------

Command Line: -Dfile.encoding=UTF-8 -XX:+ShowCodeDetailsInExceptionMessages pattern.Pattern23

Host: Intel(R) Core(TM) i5-6200U CPU @ 2.30GHz, 4 cores, 3G,  Windows 10 , 64 bit Build 19041 (10.0.19041.1889)
Time: Mon Sep  5 15:05:02 2022 India Standard Time elapsed time: 0.125782 seconds (0d 0h 0m 0s)

---------------  T H R E A D  ---------------

Current thread (0x00000226dfa6d710):  JavaThread "Unknown thread" [_thread_in_vm, id=8936, stack(0x000000b58a800000,0x000000b58a900000)]

Stack: [0x000000b58a800000,0x000000b58a900000]
Native frames: (J=compiled Java code, j=interpreted, Vv=VM code, C=native code)
V  [jvm.dll+0x6993ca]
V  [jvm.dll+0x7f481d]
V  [jvm.dll+0x7f612e]
V  [jvm.dll+0x7f67e3]
V  [jvm.dll+0x25cdaf]
V  [jvm.dll+0x696319]
V  [jvm.dll+0x68ae4a]
V  [jvm.dll+0x3223eb]
V  [jvm.dll+0x329dc6]
V  [jvm.dll+0x37eade]
V  [jvm.dll+0x37ed0f]
V  [jvm.dll+0x2fa16a]
V  [jvm.dll+0x2fb1cd]
V  [jvm.dll+0x7c3450]
V  [jvm.dll+0x38be61]
V  [jvm.dll+0x7a2073]
V  [jvm.dll+0x40dc3f]
V  [jvm.dll+0x40f611]
C  [jli.dll+0x526b]
C  [ucrtbase.dll+0x21bb2]
C  [KERNEL32.DLL+0x17034]
C  [ntdll.dll+0x52651]


---------------  P R O C E S S  ---------------

Threads class SMR info:
_java_thread_list=0x00007ffb8f83e550, length=0, elements={
}

Java Threads: ( => current thread )

Other Threads:
  0x00000226dfaae3b0 WorkerThread "GC Thread#0" [stack: 0x000000b58a900000,0x000000b58aa00000] [id=12884]
  0x00000226dfab7bc0 ConcurrentGCThread "G1 Main Marker" [stack: 0x000000b58aa00000,0x000000b58ab00000] [id=11936]
  0x00000226dfaba410 WorkerThread "G1 Conc#0" [stack: 0x000000b58ab00000,0x000000b58ac00000] [id=3796]

[error occurred during error reporting (printing all threads), id 0xc0000005, EXCEPTION_ACCESS_VIOLATION (0xc0000005) at pc=0x00007ffb8f06a707]

VM state: not at safepoint (not fully initialized)

VM Mutex/Monitor currently owned by a thread:  ([mutex/lock_event])
[0x00000226dfa68700] Heap_lock - owner thread: 0x00000226dfa6d710

Heap address: 0x00000000c3200000, size: 974 MB, Compressed Oops mode: 32-bit

CDS archive(s) mapped at: [0x0000000000000000-0x0000000000000000-0x0000000000000000), size 0, SharedBaseAddress: 0x0000000800000000, ArchiveRelocationMode: 0.
Narrow klass base: 0x0000000000000000, Narrow klass shift: 0, Narrow klass range: 0x0

GC Precious Log:
 CardTable entry size: 512
 Card Set container configuration: InlinePtr #cards 5 size 8 Array Of Cards #cards 12 size 40 Howl #buckets 4 coarsen threshold 1843 Howl Bitmap #cards 512 size 80 coarsen threshold 460 Card regions per heap region 1 cards per card region 2048

Heap:
 garbage-first heap   total 0K, used 0K [0x00000000c3200000, 0x0000000100000000)
  region size 1024K, 0 young (0K), 0 survivors (0K)

[error occurred during error reporting (printing heap information), id 0xc0000005, EXCEPTION_ACCESS_VIOLATION (0xc0000005) at pc=0x00007ffb8f451859]

GC Heap History (0 events):
No events

Deoptimization events (0 events):
No events

Classes loaded (0 events):
No events

Classes unloaded (0 events):
No events

Classes redefined (0 events):
No events

Internal exceptions (0 events):
No events

VM Operations (0 events):
No events

Events (1 events):
Event: 0.033 Loaded shared library C:\Program Files\Java\jdk-18.0.2\bin\java.dll


Dynamic libraries:
0x00007ff7119f0000 - 0x00007ff711a00000 	C:\Program Files\Java\jdk-18.0.2\bin\javaw.exe
0x00007ffbf5fb0000 - 0x00007ffbf61a8000 	C:\Windows\SYSTEM32\ntdll.dll
0x00007ffbf5040000 - 0x00007ffbf50fd000 	C:\Windows\System32\KERNEL32.DLL
0x00007ffbf3940000 - 0x00007ffbf3c0e000 	C:\Windows\System32\KERNELBASE.dll
0x00007ffbf3c10000 - 0x00007ffbf3d10000 	C:\Windows\System32\ucrtbase.dll
0x00007ffbd6d00000 - 0x00007ffbd6d18000 	C:\Program Files\Java\jdk-18.0.2\bin\jli.dll
0x00007ffbf5ba0000 - 0x00007ffbf5c4e000 	C:\Windows\System32\ADVAPI32.dll
0x00007ffbf4070000 - 0x00007ffbf410e000 	C:\Windows\System32\msvcrt.dll
0x00007ffbf5c50000 - 0x00007ffbf5cec000 	C:\Windows\System32\sechost.dll
0x00007ffbf59b0000 - 0x00007ffbf5ad5000 	C:\Windows\System32\RPCRT4.dll
0x00007ffbf4310000 - 0x00007ffbf44b0000 	C:\Windows\System32\USER32.dll
0x00007ffbf3910000 - 0x00007ffbf3932000 	C:\Windows\System32\win32u.dll
0x00007ffbf4c30000 - 0x00007ffbf4c5a000 	C:\Windows\System32\GDI32.dll
0x00007ffbf3760000 - 0x00007ffbf386b000 	C:\Windows\System32\gdi32full.dll
0x00007ffbf3870000 - 0x00007ffbf390d000 	C:\Windows\System32\msvcp_win.dll
0x00007ffbe0150000 - 0x00007ffbe03ea000 	C:\Windows\WinSxS\amd64_microsoft.windows.common-controls_6595b64144ccf1df_6.0.19041.1110_none_60b5254171f9507e\COMCTL32.dll
0x00007ffbd6d20000 - 0x00007ffbd6d3a000 	C:\Program Files\Java\jdk-18.0.2\bin\VCRUNTIME140.dll
0x00007ffbe2e40000 - 0x00007ffbe2e4a000 	C:\Windows\SYSTEM32\VERSION.dll
0x00007ffbf4190000 - 0x00007ffbf41c0000 	C:\Windows\System32\IMM32.DLL
0x00007ffbdcf20000 - 0x00007ffbdcf2c000 	C:\Program Files\Java\jdk-18.0.2\bin\vcruntime140_1.dll
0x00007ffbadb50000 - 0x00007ffbadbdd000 	C:\Program Files\Java\jdk-18.0.2\bin\msvcp140.dll
0x00007ffb8ed60000 - 0x00007ffb8f971000 	C:\Program Files\Java\jdk-18.0.2\bin\server\jvm.dll
0x00007ffbf5ae0000 - 0x00007ffbf5ae8000 	C:\Windows\System32\PSAPI.DLL
0x00007ffbd82a0000 - 0x00007ffbd82c7000 	C:\Windows\SYSTEM32\WINMM.dll
0x00007ffbd9080000 - 0x00007ffbd9089000 	C:\Windows\SYSTEM32\WSOCK32.dll
0x00007ffbf5ea0000 - 0x00007ffbf5f0b000 	C:\Windows\System32\WS2_32.dll
0x00007ffbf15d0000 - 0x00007ffbf15e2000 	C:\Windows\SYSTEM32\kernel.appcore.dll
0x00007ffbd7c40000 - 0x00007ffbd7c4a000 	C:\Program Files\Java\jdk-18.0.2\bin\jimage.dll
0x00007ffbe0d70000 - 0x00007ffbe0f54000 	C:\Windows\SYSTEM32\DBGHELP.DLL
0x00007ffbe0b40000 - 0x00007ffbe0b6c000 	C:\Windows\SYSTEM32\dbgcore.DLL
0x00007ffbf36d0000 - 0x00007ffbf3752000 	C:\Windows\System32\bcryptPrimitives.dll
0x00007ffbd6cd0000 - 0x00007ffbd6cf5000 	C:\Program Files\Java\jdk-18.0.2\bin\java.dll

dbghelp: loaded successfully - version: 4.0.5 - missing functions: none
symbol engine: initialized successfully - sym options: 0x614 - pdb path: .;C:\Program Files\Java\jdk-18.0.2\bin;C:\Windows\SYSTEM32;C:\Windows\WinSxS\amd64_microsoft.windows.common-controls_6595b64144ccf1df_6.0.19041.1110_none_60b5254171f9507e;C:\Program Files\Java\jdk-18.0.2\bin\server

VM Arguments:
jvm_args: -Dfile.encoding=UTF-8 -XX:+ShowCodeDetailsInExceptionMessages 
java_command: pattern.Pattern23
java_class_path (initial): E:\Assignment\PatternProgram2\bin
Launcher Type: SUN_STANDARD

[Global flags]
     intx CICompilerCount                          = 3                                         {product} {ergonomic}
     uint ConcGCThreads                            = 1                                         {product} {ergonomic}
     uint G1ConcRefinementThreads                  = 4                                         {product} {ergonomic}
   size_t G1HeapRegionSize                         = 1048576                                   {product} {ergonomic}
    uintx GCDrainStackTargetSize                   = 64                                        {product} {ergonomic}
   size_t InitialHeapSize                          = 65011712                                  {product} {ergonomic}
   size_t MarkStackSize                            = 4194304                                   {product} {ergonomic}
   size_t MaxHeapSize                              = 1021313024                                {product} {ergonomic}
   size_t MinHeapDeltaBytes                        = 1048576                                   {product} {ergonomic}
   size_t MinHeapSize                              = 8388608                                   {product} {ergonomic}
    uintx NonNMethodCodeHeapSize                   = 5832780                                {pd product} {ergonomic}
    uintx NonProfiledCodeHeapSize                  = 122912730                              {pd product} {ergonomic}
    uintx ProfiledCodeHeapSize                     = 122912730                              {pd product} {ergonomic}
    uintx ReservedCodeCacheSize                    = 251658240                              {pd product} {ergonomic}
     bool SegmentedCodeCache                       = true                                      {product} {ergonomic}
     bool ShowCodeDetailsInExceptionMessages       = true                                   {manageable} {command line}
   size_t SoftMaxHeapSize                          = 1021313024                             {manageable} {ergonomic}
     bool UseCompressedClassPointers               = true                           {product lp64_product} {ergonomic}
     bool UseCompressedOops                        = true                           {product lp64_product} {ergonomic}
     bool UseG1GC                                  = true                                      {product} {ergonomic}
     bool UseLargePagesIndividualAllocation        = false                                  {pd product} {ergonomic}

Logging:
Log output configuration:
 #0: stdout all=warning uptime,level,tags foldmultilines=false
 #1: stderr all=off uptime,level,tags foldmultilines=false

Environment Variables:
PATH=C:\Program Files\Common Files\Oracle\Java\javapath;C:\Windows\system32;C:\Windows;C:\Windows\System32\Wbem;C:\Windows\System32\WindowsPowerShell\v1.0\;C:\Windows\System32\OpenSSH\;C:\Program Files\Java\jdk-18.0.2\bin;C:\Program Files\nodejs\;C:\Program Files\Microsoft SQL Server\150\Tools\Binn\;C:\Program Files\Microsoft SQL Server\Client SDK\ODBC\170\Tools\Binn\;C:\Program Files\dotnet\;C:\Users\jk875\AppData\Local\Programs\Python\Python310\Scripts\;C:\Users\jk875\AppData\Local\Programs\Python\Python310\;"C:\Users\jk875\AppData\Local\Microsoft\WindowsApps;C:\Program Files\Java\jdk-18.0.2\bin";;C:\Users\jk875\AppData\Local\Programs\Microsoft VS Code\bin;C:\Users\jk875\AppData\Roaming\npm;C:\Users\jk875\.dotnet\tools
USERNAME=jk875
OS=Windows_NT
PROCESSOR_IDENTIFIER=Intel64 Family 6 Model 78 Stepping 3, GenuineIntel



---------------  S Y S T E M  ---------------

OS:
 Windows 10 , 64 bit Build 19041 (10.0.19041.1889)
OS uptime: 1 days 2:19 hours

CPU: total 4 (initial active 4) (2 cores per cpu, 2 threads per core) family 6 model 78 stepping 3 microcode 0xcc, cx8, cmov, fxsr, ht, mmx, 3dnowpref, sse, sse2, sse3, ssse3, sse4.1, sse4.2, popcnt, lzcnt, tsc, tscinvbit, avx, avx2, aes, erms, clmul, bmi1, bmi2, adx, fma, vzeroupper, clflush, clflushopt

Memory: 4k page, system-wide physical 3893M (147M free)
TotalPageFile size 15669M (AvailPageFile size 17M)
current process WorkingSet (physical memory assigned to process): 10M, peak: 10M
current process commit charge ("private bytes"): 51M, peak: 113M

vm_info: Java HotSpot(TM) 64-Bit Server VM (18.0.2+9-61) for windows-amd64 JRE (18.0.2+9-61), built on Jun  7 2022 13:09:01 by "mach5one" with MS VC++ 16.8 / 16.9 (VS2019)

END.
